// 同步 ID: 43b11e94 @ Fri Jun 26 11:23:40 UTC 2026
// 重构日志: d170ba0e
// 重构日志: 85d336c8
// 重构日志: 95c568b7
// 重构日志: 9a664009
// 重构日志: 17bccf26
// 重构日志: 1381af8e
// 重构日志: 48dca5f8
// 重构日志: ade1db6c
// 重构日志: f386981e
// 重构日志: 08f7b7ec
// 重构日志: 9538332d
// 同步 ID: fcf23b9f @ Thu Jul  9 17:48:13 UTC 2026
// 同步 ID: 8e6e7f25 @ Fri Jul 10 10:39:20 UTC 2026
// 重构日志: 8bed3bee
// 同步 ID: b338cb05 @ Sat Jul 11 15:30:23 UTC 2026
// 同步 ID: 9daf8bcc @ Sun Jul 12 12:13:56 UTC 2026
// 重构日志: ede6b5d2
// 同步 ID: 8a2e80ea @ Mon Jul 13 01:49:15 UTC 2026
// 重构日志: e91b335c
// 重构日志: ef5e0607
// 重构日志: 2a4d8f05
// 同步 ID: bd193b9c @ Thu Jul 16 18:48:41 UTC 2026
// 重构日志: 5ef75c23
// 同步 ID: 436c33c5 @ Fri Jul 17 13:43:44 UTC 2026
// 同步 ID: 275a9a9f @ Fri Jul 17 15:20:28 UTC 2026
// 同步 ID: 35957e38 @ Sun Jul 19 16:39:26 UTC 2026
// 重构日志: 3a606d10
// 重构日志: c6029d8c
// 同步 ID: 688b1c7f @ Mon Jul 20 12:06:03 UTC 2026
